The system is: Linux - 4.4.0-18362-Microsoft - x86_64
Compiling the C compiler identification source file "CMakeCCompilerId.c" succeeded.
Compiler: /bin/gcc-9 
Build flags: 
Id flags:  

The output was:
0


Compilation of the C compiler identification source "CMakeCCompilerId.c" produced "a.out"

The C compiler identification is GNU, found in "/mnt/c/Users/78578/Desktop/systolic_lab/systolic_array/build/CMakeFiles/3.16.3/CompilerIdC/a.out"

Compiling the CXX compiler identification source file "CMakeCXXCompilerId.cpp" succeeded.
Compiler: /bin/g++-9 
Build flags: 
Id flags:  

The output was:
0


Compilation of the CXX compiler identification source "CMakeCXXCompilerId.cpp" produced "a.out"

The CXX compiler identification is GNU, found in "/mnt/c/Users/78578/Desktop/systolic_lab/systolic_array/build/CMakeFiles/3.16.3/CompilerIdCXX/a.out"

Determining if the C compiler works passed with the following output:
Change Dir: /mnt/c/Users/78578/Desktop/systolic_lab/systolic_array/build/CMakeFiles/CMakeTmp

Run Build Command(s):/usr/bin/make cmTC_a6176/fast && /usr/bin/make -f CMakeFiles/cmTC_a6176.dir/build.make CMakeFiles/cmTC_a6176.dir/build
make[1]: Entering directory '/mnt/c/Users/78578/Desktop/systolic_lab/systolic_array/build/CMakeFiles/CMakeTmp'
Building C object CMakeFiles/cmTC_a6176.dir/testCCompiler.c.o
/bin/gcc-9    -o CMakeFiles/cmTC_a6176.dir/testCCompiler.c.o   -c /mnt/c/Users/78578/Desktop/systolic_lab/systolic_array/build/CMakeFiles/CMakeTmp/testCCompiler.c
Linking C executable cmTC_a6176
/usr/bin/cmake -E cmake_link_script CMakeFiles/cmTC_a6176.dir/link.txt --verbose=1
/bin/gcc-9      CMakeFiles/cmTC_a6176.dir/testCCompiler.c.o  -o cmTC_a6176 
make[1]: Leaving directory '/mnt/c/Users/78578/Desktop/systolic_lab/systolic_array/build/CMakeFiles/CMakeTmp'



Detecting C compiler ABI info compiled with the following output:
Change Dir: /mnt/c/Users/78578/Desktop/systolic_lab/systolic_array/build/CMakeFiles/CMakeTmp

Run Build Command(s):/usr/bin/make cmTC_93bf0/fast && /usr/bin/make -f CMakeFiles/cmTC_93bf0.dir/build.make CMakeFiles/cmTC_93bf0.dir/build
make[1]: Entering directory '/mnt/c/Users/78578/Desktop/systolic_lab/systolic_array/build/CMakeFiles/CMakeTmp'
Building C object CMakeFiles/cmTC_93bf0.dir/CMakeCCompilerABI.c.o
/bin/gcc-9   -v -o CMakeFiles/cmTC_93bf0.dir/CMakeCCompilerABI.c.o   -c /usr/share/cmake-3.16/Modules/CMakeCCompilerABI.c
Using built-in specs.
COLLECT_GCC=/bin/gcc-9
OFFLOAD_TARGET_NAMES=nvptx-none:hsa
OFFLOAD_TARGET_DEFAULT=1
Target: x86_64-linux-gnu
Configured with: ../src/configure -v --with-pkgversion='Ubuntu 9.3.0-17ubuntu1~20.04' --with-bugurl=file:///usr/share/doc/gcc-9/README.Bugs --enable-languages=c,ada,c++,go,brig,d,fortran,objc,obj-c++,gm2 --prefix=/usr --with-gcc-major-version-only --program-suffix=-9 --program-prefix=x86_64-linux-gnu- --enable-shared --enable-linker-build-id --libexecdir=/usr/lib --without-included-gettext --enable-threads=posix --libdir=/usr/lib --enable-nls --enable-clocale=gnu --enable-libstdcxx-debug --enable-libstdcxx-time=yes --with-default-libstdcxx-abi=new --enable-gnu-unique-object --disable-vtable-verify --enable-plugin --enable-default-pie --with-system-zlib --with-target-system-zlib=auto --enable-objc-gc=auto --enable-multiarch --disable-werror --with-arch-32=i686 --with-abi=m64 --with-multilib-list=m32,m64,mx32 --enable-multilib --with-tune=generic --enable-offload-targets=nvptx-none=/build/gcc-9-HskZEa/gcc-9-9.3.0/debian/tmp-nvptx/usr,hsa --without-cuda-driver --enable-checking=release --build=x86_64-linux-gnu --host=x86_64-linux-gnu --target=x86_64-linux-gnu
Thread model: posix
gcc version 9.3.0 (Ubuntu 9.3.0-17ubuntu1~20.04) 
COLLECT_GCC_OPTIONS='-v' '-o' 'CMakeFiles/cmTC_93bf0.dir/CMakeCCompilerABI.c.o' '-c' '-mtune=generic' '-march=x86-64'
 /usr/lib/gcc/x86_64-linux-gnu/9/cc1 -quiet -v -imultiarch x86_64-linux-gnu /usr/share/cmake-3.16/Modules/CMakeCCompilerABI.c -quiet -dumpbase CMakeCCompilerABI.c -mtune=generic -march=x86-64 -auxbase-strip CMakeFiles/cmTC_93bf0.dir/CMakeCCompilerABI.c.o -version -fasynchronous-unwind-tables -fstack-protector-strong -Wformat -Wformat-security -fstack-clash-protection -fcf-protection -o /tmp/ccFj3jEE.s
GNU C17 (Ubuntu 9.3.0-17ubuntu1~20.04) version 9.3.0 (x86_64-linux-gnu)
	compiled by GNU C version 9.3.0, GMP version 6.2.0, MPFR version 4.0.2, MPC version 1.1.0, isl version isl-0.22.1-GMP

GGC heuristics: --param ggc-min-expand=100 --param ggc-min-heapsize=131072
ignoring nonexistent directory "/usr/local/include/x86_64-linux-gnu"
ignoring nonexistent directory "/usr/lib/gcc/x86_64-linux-gnu/9/include-fixed"
ignoring nonexistent directory "/usr/lib/gcc/x86_64-linux-gnu/9/../../../../x86_64-linux-gnu/include"
#include "..." search starts here:
#include <...> search starts here:
 /usr/lib/gcc/x86_64-linux-gnu/9/include
 /usr/local/include
 /usr/include/x86_64-linux-gnu
 /usr/include
End of search list.
GNU C17 (Ubuntu 9.3.0-17ubuntu1~20.04) version 9.3.0 (x86_64-linux-gnu)
	compiled by GNU C version 9.3.0, GMP version 6.2.0, MPFR version 4.0.2, MPC version 1.1.0, isl version isl-0.22.1-GMP

GGC heuristics: --param ggc-min-expand=100 --param ggc-min-heapsize=131072
Compiler executable checksum: bbf13931d8de1abe14040c9909cb6969
COLLECT_GCC_OPTIONS='-v' '-o' 'CMakeFiles/cmTC_93bf0.dir/CMakeCCompilerABI.c.o' '-c' '-mtune=generic' '-march=x86-64'
 as -v --64 -o CMakeFiles/cmTC_93bf0.dir/CMakeCCompilerABI.c.o /tmp/ccFj3jEE.s
GNU assembler version 2.34 (x86_64-linux-gnu) using BFD version (GNU Binutils for Ubuntu) 2.34
COMPILER_PATH=/usr/lib/gcc/x86_64-linux-gnu/9/:/usr/lib/gcc/x86_64-linux-gnu/9/:/usr/lib/gcc/x86_64-linux-gnu/:/usr/lib/gcc/x86_64-linux-gnu/9/:/usr/lib/gcc/x86_64-linux-gnu/
LIBRARY_PATH=/usr/lib/gcc/x86_64-linux-gnu/9/:/usr/lib/gcc/x86_64-linux-gnu/9/../../../x86_64-linux-gnu/:/usr/lib/gcc/x86_64-linux-gnu/9/../../../../lib/:/lib/x86_64-linux-gnu/:/lib/../lib/:/usr/lib/x86_64-linux-gnu/:/usr/lib/../lib/:/usr/lib/gcc/x86_64-linux-gnu/9/../../../:/lib/:/usr/lib/
COLLECT_GCC_OPTIONS='-v' '-o' 'CMakeFiles/cmTC_93bf0.dir/CMakeCCompilerABI.c.o' '-c' '-mtune=generic' '-march=x86-64'
Linking C executable cmTC_93bf0
/usr/bin/cmake -E cmake_link_script CMakeFiles/cmTC_93bf0.dir/link.txt --verbose=1
/bin/gcc-9     -v CMakeFiles/cmTC_93bf0.dir/CMakeCCompilerABI.c.o  -o cmTC_93bf0 
Using built-in specs.
COLLECT_GCC=/bin/gcc-9
COLLECT_LTO_WRAPPER=/usr/lib/gcc/x86_64-linux-gnu/9/lto-wrapper
OFFLOAD_TARGET_NAMES=nvptx-none:hsa
OFFLOAD_TARGET_DEFAULT=1
Target: x86_64-linux-gnu
Configured with: ../src/configure -v --with-pkgversion='Ubuntu 9.3.0-17ubuntu1~20.04' --with-bugurl=file:///usr/share/doc/gcc-9/README.Bugs --enable-languages=c,ada,c++,go,brig,d,fortran,objc,obj-c++,gm2 --prefix=/usr --with-gcc-major-version-only --program-suffix=-9 --program-prefix=x86_64-linux-gnu- --enable-shared --enable-linker-build-id --libexecdir=/usr/lib --without-included-gettext --enable-threads=posix --libdir=/usr/lib --enable-nls --enable-clocale=gnu --enable-libstdcxx-debug --enable-libstdcxx-time=yes --with-default-libstdcxx-abi=new --enable-gnu-unique-object --disable-vtable-verify --enable-plugin --enable-default-pie --with-system-zlib --with-target-system-zlib=auto --enable-objc-gc=auto --enable-multiarch --disable-werror --with-arch-32=i686 --with-abi=m64 --with-multilib-list=m32,m64,mx32 --enable-multilib --with-tune=generic --enable-offload-targets=nvptx-none=/build/gcc-9-HskZEa/gcc-9-9.3.0/debian/tmp-nvptx/usr,hsa --without-cuda-driver --enable-checking=release --build=x86_64-linux-gnu --host=x86_64-linux-gnu --target=x86_64-linux-gnu
Thread model: posix
gcc version 9.3.0 (Ubuntu 9.3.0-17ubuntu1~20.04) 
COMPILER_PATH=/usr/lib/gcc/x86_64-linux-gnu/9/:/usr/lib/gcc/x86_64-linux-gnu/9/:/usr/lib/gcc/x86_64-linux-gnu/:/usr/lib/gcc/x86_64-linux-gnu/9/:/usr/lib/gcc/x86_64-linux-gnu/
LIBRARY_PATH=/usr/lib/gcc/x86_64-linux-gnu/9/:/usr/lib/gcc/x86_64-linux-gnu/9/../../../x86_64-linux-gnu/:/usr/lib/gcc/x86_64-linux-gnu/9/../../../../lib/:/lib/x86_64-linux-gnu/:/lib/../lib/:/usr/lib/x86_64-linux-gnu/:/usr/lib/../lib/:/usr/lib/gcc/x86_64-linux-gnu/9/../../../:/lib/:/usr/lib/
COLLECT_GCC_OPTIONS='-v' '-o' 'cmTC_93bf0' '-mtune=generic' '-march=x86-64'
 /usr/lib/gcc/x86_64-linux-gnu/9/collect2 -plugin /usr/lib/gcc/x86_64-linux-gnu/9/liblto_plugin.so -plugin-opt=/usr/lib/gcc/x86_64-linux-gnu/9/lto-wrapper -plugin-opt=-fresolution=/tmp/ccwh8iY7.res -plugin-opt=-pass-through=-lgcc -plugin-opt=-pass-through=-lgcc_s -plugin-opt=-pass-through=-lc -plugin-opt=-pass-through=-lgcc -plugin-opt=-pass-through=-lgcc_s --build-id --eh-frame-hdr -m elf_x86_64 --hash-style=gnu --as-needed -dynamic-linker /lib64/ld-linux-x86-64.so.2 -pie -z now -z relro -o cmTC_93bf0 /usr/lib/gcc/x86_64-linux-gnu/9/../../../x86_64-linux-gnu/Scrt1.o /usr/lib/gcc/x86_64-linux-gnu/9/../../../x86_64-linux-gnu/crti.o /usr/lib/gcc/x86_64-linux-gnu/9/crtbeginS.o -L/usr/lib/gcc/x86_64-linux-gnu/9 -L/usr/lib/gcc/x86_64-linux-gnu/9/../../../x86_64-linux-gnu -L/usr/lib/gcc/x86_64-linux-gnu/9/../../../../lib -L/lib/x86_64-linux-gnu -L/lib/../lib -L/usr/lib/x86_64-linux-gnu -L/usr/lib/../lib -L/usr/lib/gcc/x86_64-linux-gnu/9/../../.. CMakeFiles/cmTC_93bf0.dir/CMakeCCompilerABI.c.o -lgcc --push-state --as-needed -lgcc_s --pop-state -lc -lgcc --push-state --as-needed -lgcc_s --pop-state /usr/lib/gcc/x86_64-linux-gnu/9/crtendS.o /usr/lib/gcc/x86_64-linux-gnu/9/../../../x86_64-linux-gnu/crtn.o
COLLECT_GCC_OPTIONS='-v' '-o' 'cmTC_93bf0' '-mtune=generic' '-march=x86-64'
make[1]: Leaving directory '/mnt/c/Users/78578/Desktop/systolic_lab/systolic_array/build/CMakeFiles/CMakeTmp'



Parsed C implicit include dir info from above output: rv=done
  found start of include info
  found start of implicit include info
    add: [/usr/lib/gcc/x86_64-linux-gnu/9/include]
    add: [/usr/local/include]
    add: [/usr/include/x86_64-linux-gnu]
    add: [/usr/include]
  end of search list found
  collapse include dir [/usr/lib/gcc/x86_64-linux-gnu/9/include] ==> [/usr/lib/gcc/x86_64-linux-gnu/9/include]
  collapse include dir [/usr/local/include] ==> [/usr/local/include]
  collapse include dir [/usr/include/x86_64-linux-gnu] ==> [/usr/include/x86_64-linux-gnu]
  collapse include dir [/usr/include] ==> [/usr/include]
  implicit include dirs: [/usr/lib/gcc/x86_64-linux-gnu/9/include;/usr/local/include;/usr/include/x86_64-linux-gnu;/usr/include]


Parsed C implicit link information from above output:
  link line regex: [^( *|.*[/\])(ld|CMAKE_LINK_STARTFILE-NOTFOUND|([^/\]+-)?ld|collect2)[^/\]*( |$)]
  ignore line: [Change Dir: /mnt/c/Users/78578/Desktop/systolic_lab/systolic_array/build/CMakeFiles/CMakeTmp]
  ignore line: []
  ignore line: [Run Build Command(s):/usr/bin/make cmTC_93bf0/fast && /usr/bin/make -f CMakeFiles/cmTC_93bf0.dir/build.make CMakeFiles/cmTC_93bf0.dir/build]
  ignore line: [make[1]: Entering directory '/mnt/c/Users/78578/Desktop/systolic_lab/systolic_array/build/CMakeFiles/CMakeTmp']
  ignore line: [Building C object CMakeFiles/cmTC_93bf0.dir/CMakeCCompilerABI.c.o]
  ignore line: [/bin/gcc-9   -v -o CMakeFiles/cmTC_93bf0.dir/CMakeCCompilerABI.c.o   -c /usr/share/cmake-3.16/Modules/CMakeCCompilerABI.c]
  ignore line: [Using built-in specs.]
  ignore line: [COLLECT_GCC=/bin/gcc-9]
  ignore line: [OFFLOAD_TARGET_NAMES=nvptx-none:hsa]
  ignore line: [OFFLOAD_TARGET_DEFAULT=1]
  ignore line: [Target: x86_64-linux-gnu]
  ignore line: [Configured with: ../src/configure -v --with-pkgversion='Ubuntu 9.3.0-17ubuntu1~20.04' --with-bugurl=file:///usr/share/doc/gcc-9/README.Bugs --enable-languages=c ada c++ go brig d fortran objc obj-c++ gm2 --prefix=/usr --with-gcc-major-version-only --program-suffix=-9 --program-prefix=x86_64-linux-gnu- --enable-shared --enable-linker-build-id --libexecdir=/usr/lib --without-included-gettext --enable-threads=posix --libdir=/usr/lib --enable-nls --enable-clocale=gnu --enable-libstdcxx-debug --enable-libstdcxx-time=yes --with-default-libstdcxx-abi=new --enable-gnu-unique-object --disable-vtable-verify --enable-plugin --enable-default-pie --with-system-zlib --with-target-system-zlib=auto --enable-objc-gc=auto --enable-multiarch --disable-werror --with-arch-32=i686 --with-abi=m64 --with-multilib-list=m32 m64 mx32 --enable-multilib --with-tune=generic --enable-offload-targets=nvptx-none=/build/gcc-9-HskZEa/gcc-9-9.3.0/debian/tmp-nvptx/usr hsa --without-cuda-driver --enable-checking=release --build=x86_64-linux-gnu --host=x86_64-linux-gnu --target=x86_64-linux-gnu]
  ignore line: [Thread model: posix]
  ignore line: [gcc version 9.3.0 (Ubuntu 9.3.0-17ubuntu1~20.04) ]
  ignore line: [COLLECT_GCC_OPTIONS='-v' '-o' 'CMakeFiles/cmTC_93bf0.dir/CMakeCCompilerABI.c.o' '-c' '-mtune=generic' '-march=x86-64']
  ignore line: [ /usr/lib/gcc/x86_64-linux-gnu/9/cc1 -quiet -v -imultiarch x86_64-linux-gnu /usr/share/cmake-3.16/Modules/CMakeCCompilerABI.c -quiet -dumpbase CMakeCCompilerABI.c -mtune=generic -march=x86-64 -auxbase-strip CMakeFiles/cmTC_93bf0.dir/CMakeCCompilerABI.c.o -version -fasynchronous-unwind-tables -fstack-protector-strong -Wformat -Wformat-security -fstack-clash-protection -fcf-protection -o /tmp/ccFj3jEE.s]
  ignore line: [GNU C17 (Ubuntu 9.3.0-17ubuntu1~20.04) version 9.3.0 (x86_64-linux-gnu)]
  ignore line: [	compiled by GNU C version 9.3.0  GMP version 6.2.0  MPFR version 4.0.2  MPC version 1.1.0  isl version isl-0.22.1-GMP]
  ignore line: []
  ignore line: [GGC heuristics: --param ggc-min-expand=100 --param ggc-min-heapsize=131072]
  ignore line: [ignoring nonexistent directory "/usr/local/include/x86_64-linux-gnu"]
  ignore line: [ignoring nonexistent directory "/usr/lib/gcc/x86_64-linux-gnu/9/include-fixed"]
  ignore line: [ignoring nonexistent directory "/usr/lib/gcc/x86_64-linux-gnu/9/../../../../x86_64-linux-gnu/include"]
  ignore line: [#include "..." search starts here:]
  ignore line: [#include <...> search starts here:]
  ignore line: [ /usr/lib/gcc/x86_64-linux-gnu/9/include]
  ignore line: [ /usr/local/include]
  ignore line: [ /usr/include/x86_64-linux-gnu]
  ignore line: [ /usr/include]
  ignore line: [End of search list.]
  ignore line: [GNU C17 (Ubuntu 9.3.0-17ubuntu1~20.04) version 9.3.0 (x86_64-linux-gnu)]
  ignore line: [	compiled by GNU C version 9.3.0  GMP version 6.2.0  MPFR version 4.0.2  MPC version 1.1.0  isl version isl-0.22.1-GMP]
  ignore line: []
  ignore line: [GGC heuristics: --param ggc-min-expand=100 --param ggc-min-heapsize=131072]
  ignore line: [Compiler executable checksum: bbf13931d8de1abe14040c9909cb6969]
  ignore line: [COLLECT_GCC_OPTIONS='-v' '-o' 'CMakeFiles/cmTC_93bf0.dir/CMakeCCompilerABI.c.o' '-c' '-mtune=generic' '-march=x86-64']
  ignore line: [ as -v --64 -o CMakeFiles/cmTC_93bf0.dir/CMakeCCompilerABI.c.o /tmp/ccFj3jEE.s]
  ignore line: [GNU assembler version 2.34 (x86_64-linux-gnu) using BFD version (GNU Binutils for Ubuntu) 2.34]
  ignore line: [COMPILER_PATH=/usr/lib/gcc/x86_64-linux-gnu/9/:/usr/lib/gcc/x86_64-linux-gnu/9/:/usr/lib/gcc/x86_64-linux-gnu/:/usr/lib/gcc/x86_64-linux-gnu/9/:/usr/lib/gcc/x86_64-linux-gnu/]
  ignore line: [LIBRARY_PATH=/usr/lib/gcc/x86_64-linux-gnu/9/:/usr/lib/gcc/x86_64-linux-gnu/9/../../../x86_64-linux-gnu/:/usr/lib/gcc/x86_64-linux-gnu/9/../../../../lib/:/lib/x86_64-linux-gnu/:/lib/../lib/:/usr/lib/x86_64-linux-gnu/:/usr/lib/../lib/:/usr/lib/gcc/x86_64-linux-gnu/9/../../../:/lib/:/usr/lib/]
  ignore line: [COLLECT_GCC_OPTIONS='-v' '-o' 'CMakeFiles/cmTC_93bf0.dir/CMakeCCompilerABI.c.o' '-c' '-mtune=generic' '-march=x86-64']
  ignore line: [Linking C executable cmTC_93bf0]
  ignore line: [/usr/bin/cmake -E cmake_link_script CMakeFiles/cmTC_93bf0.dir/link.txt --verbose=1]
  ignore line: [/bin/gcc-9     -v CMakeFiles/cmTC_93bf0.dir/CMakeCCompilerABI.c.o  -o cmTC_93bf0 ]
  ignore line: [Using built-in specs.]
  ignore line: [COLLECT_GCC=/bin/gcc-9]
  ignore line: [COLLECT_LTO_WRAPPER=/usr/lib/gcc/x86_64-linux-gnu/9/lto-wrapper]
  ignore line: [OFFLOAD_TARGET_NAMES=nvptx-none:hsa]
  ignore line: [OFFLOAD_TARGET_DEFAULT=1]
  ignore line: [Target: x86_64-linux-gnu]
  ignore line: [Configured with: ../src/configure -v --with-pkgversion='Ubuntu 9.3.0-17ubuntu1~20.04' --with-bugurl=file:///usr/share/doc/gcc-9/README.Bugs --enable-languages=c ada c++ go brig d fortran objc obj-c++ gm2 --prefix=/usr --with-gcc-major-version-only --program-suffix=-9 --program-prefix=x86_64-linux-gnu- --enable-shared --enable-linker-build-id --libexecdir=/usr/lib --without-included-gettext --enable-threads=posix --libdir=/usr/lib --enable-nls --enable-clocale=gnu --enable-libstdcxx-debug --enable-libstdcxx-time=yes --with-default-libstdcxx-abi=new --enable-gnu-unique-object --disable-vtable-verify --enable-plugin --enable-default-pie --with-system-zlib --with-target-system-zlib=auto --enable-objc-gc=auto --enable-multiarch --disable-werror --with-arch-32=i686 --with-abi=m64 --with-multilib-list=m32 m64 mx32 --enable-multilib --with-tune=generic --enable-offload-targets=nvptx-none=/build/gcc-9-HskZEa/gcc-9-9.3.0/debian/tmp-nvptx/usr hsa --without-cuda-driver --enable-checking=release --build=x86_64-linux-gnu --host=x86_64-linux-gnu --target=x86_64-linux-gnu]
  ignore line: [Thread model: posix]
  ignore line: [gcc version 9.3.0 (Ubuntu 9.3.0-17ubuntu1~20.04) ]
  ignore line: [COMPILER_PATH=/usr/lib/gcc/x86_64-linux-gnu/9/:/usr/lib/gcc/x86_64-linux-gnu/9/:/usr/lib/gcc/x86_64-linux-gnu/:/usr/lib/gcc/x86_64-linux-gnu/9/:/usr/lib/gcc/x86_64-linux-gnu/]
  ignore line: [LIBRARY_PATH=/usr/lib/gcc/x86_64-linux-gnu/9/:/usr/lib/gcc/x86_64-linux-gnu/9/../../../x86_64-linux-gnu/:/usr/lib/gcc/x86_64-linux-gnu/9/../../../../lib/:/lib/x86_64-linux-gnu/:/lib/../lib/:/usr/lib/x86_64-linux-gnu/:/usr/lib/../lib/:/usr/lib/gcc/x86_64-linux-gnu/9/../../../:/lib/:/usr/lib/]
  ignore line: [COLLECT_GCC_OPTIONS='-v' '-o' 'cmTC_93bf0' '-mtune=generic' '-march=x86-64']
  link line: [ /usr/lib/gcc/x86_64-linux-gnu/9/collect2 -plugin /usr/lib/gcc/x86_64-linux-gnu/9/liblto_plugin.so -plugin-opt=/usr/lib/gcc/x86_64-linux-gnu/9/lto-wrapper -plugin-opt=-fresolution=/tmp/ccwh8iY7.res -plugin-opt=-pass-through=-lgcc -plugin-opt=-pass-through=-lgcc_s -plugin-opt=-pass-through=-lc -plugin-opt=-pass-through=-lgcc -plugin-opt=-pass-through=-lgcc_s --build-id --eh-frame-hdr -m elf_x86_64 --hash-style=gnu --as-needed -dynamic-linker /lib64/ld-linux-x86-64.so.2 -pie -z now -z relro -o cmTC_93bf0 /usr/lib/gcc/x86_64-linux-gnu/9/../../../x86_64-linux-gnu/Scrt1.o /usr/lib/gcc/x86_64-linux-gnu/9/../../../x86_64-linux-gnu/crti.o /usr/lib/gcc/x86_64-linux-gnu/9/crtbeginS.o -L/usr/lib/gcc/x86_64-linux-gnu/9 -L/usr/lib/gcc/x86_64-linux-gnu/9/../../../x86_64-linux-gnu -L/usr/lib/gcc/x86_64-linux-gnu/9/../../../../lib -L/lib/x86_64-linux-gnu -L/lib/../lib -L/usr/lib/x86_64-linux-gnu -L/usr/lib/../lib -L/usr/lib/gcc/x86_64-linux-gnu/9/../../.. CMakeFiles/cmTC_93bf0.dir/CMakeCCompilerABI.c.o -lgcc --push-state --as-needed -lgcc_s --pop-state -lc -lgcc --push-state --as-needed -lgcc_s --pop-state /usr/lib/gcc/x86_64-linux-gnu/9/crtendS.o /usr/lib/gcc/x86_64-linux-gnu/9/../../../x86_64-linux-gnu/crtn.o]
    arg [/usr/lib/gcc/x86_64-linux-gnu/9/collect2] ==> ignore
    arg [-plugin] ==> ignore
    arg [/usr/lib/gcc/x86_64-linux-gnu/9/liblto_plugin.so] ==> ignore
    arg [-plugin-opt=/usr/lib/gcc/x86_64-linux-gnu/9/lto-wrapper] ==> ignore
    arg [-plugin-opt=-fresolution=/tmp/ccwh8iY7.res] ==> ignore
    arg [-plugin-opt=-pass-through=-lgcc] ==> ignore
    arg [-plugin-opt=-pass-through=-lgcc_s] ==> ignore
    arg [-plugin-opt=-pass-through=-lc] ==> ignore
    arg [-plugin-opt=-pass-through=-lgcc] ==> ignore
    arg [-plugin-opt=-pass-through=-lgcc_s] ==> ignore
    arg [--build-id] ==> ignore
    arg [--eh-frame-hdr] ==> ignore
    arg [-m] ==> ignore
    arg [elf_x86_64] ==> ignore
    arg [--hash-style=gnu] ==> ignore
    arg [--as-needed] ==> ignore
    arg [-dynamic-linker] ==> ignore
    arg [/lib64/ld-linux-x86-64.so.2] ==> ignore
    arg [-pie] ==> ignore
    arg [-znow] ==> ignore
    arg [-zrelro] ==> ignore
    arg [-o] ==> ignore
    arg [cmTC_93bf0] ==> ignore
    arg [/usr/lib/gcc/x86_64-linux-gnu/9/../../../x86_64-linux-gnu/Scrt1.o] ==> ignore
    arg [/usr/lib/gcc/x86_64-linux-gnu/9/../../../x86_64-linux-gnu/crti.o] ==> ignore
    arg [/usr/lib/gcc/x86_64-linux-gnu/9/crtbeginS.o] ==> ignore
    arg [-L/usr/lib/gcc/x86_64-linux-gnu/9] ==> dir [/usr/lib/gcc/x86_64-linux-gnu/9]
    arg [-L/usr/lib/gcc/x86_64-linux-gnu/9/../../../x86_64-linux-gnu] ==> dir [/usr/lib/gcc/x86_64-linux-gnu/9/../../../x86_64-linux-gnu]
    arg [-L/usr/lib/gcc/x86_64-linux-gnu/9/../../../../lib] ==> dir [/usr/lib/gcc/x86_64-linux-gnu/9/../../../../lib]
    arg [-L/lib/x86_64-linux-gnu] ==> dir [/lib/x86_64-linux-gnu]
    arg [-L/lib/../lib] ==> dir [/lib/../lib]
    arg [-L/usr/lib/x86_64-linux-gnu] ==> dir [/usr/lib/x86_64-linux-gnu]
    arg [-L/usr/lib/../lib] ==> dir [/usr/lib/../lib]
    arg [-L/usr/lib/gcc/x86_64-linux-gnu/9/../../..] ==> dir [/usr/lib/gcc/x86_64-linux-gnu/9/../../..]
    arg [CMakeFiles/cmTC_93bf0.dir/CMakeCCompilerABI.c.o] ==> ignore
    arg [-lgcc] ==> lib [gcc]
    arg [--push-state] ==> ignore
    arg [--as-needed] ==> ignore
    arg [-lgcc_s] ==> lib [gcc_s]
    arg [--pop-state] ==> ignore
    arg [-lc] ==> lib [c]
    arg [-lgcc] ==> lib [gcc]
    arg [--push-state] ==> ignore
    arg [--as-needed] ==> ignore
    arg [-lgcc_s] ==> lib [gcc_s]
    arg [--pop-state] ==> ignore
    arg [/usr/lib/gcc/x86_64-linux-gnu/9/crtendS.o] ==> ignore
    arg [/usr/lib/gcc/x86_64-linux-gnu/9/../../../x86_64-linux-gnu/crtn.o] ==> ignore
  collapse library dir [/usr/lib/gcc/x86_64-linux-gnu/9] ==> [/usr/lib/gcc/x86_64-linux-gnu/9]
  collapse library dir [/usr/lib/gcc/x86_64-linux-gnu/9/../../../x86_64-linux-gnu] ==> [/usr/lib/x86_64-linux-gnu]
  collapse library dir [/usr/lib/gcc/x86_64-linux-gnu/9/../../../../lib] ==> [/usr/lib]
  collapse library dir [/lib/x86_64-linux-gnu] ==> [/lib/x86_64-linux-gnu]
  collapse library dir [/lib/../lib] ==> [/lib]
  collapse library dir [/usr/lib/x86_64-linux-gnu] ==> [/usr/lib/x86_64-linux-gnu]
  collapse library dir [/usr/lib/../lib] ==> [/usr/lib]
  collapse library dir [/usr/lib/gcc/x86_64-linux-gnu/9/../../..] ==> [/usr/lib]
  implicit libs: [gcc;gcc_s;c;gcc;gcc_s]
  implicit dirs: [/usr/lib/gcc/x86_64-linux-gnu/9;/usr/lib/x86_64-linux-gnu;/usr/lib;/lib/x86_64-linux-gnu;/lib]
  implicit fwks: []


Determining if the CXX compiler works passed with the following output:
Change Dir: /mnt/c/Users/78578/Desktop/systolic_lab/systolic_array/build/CMakeFiles/CMakeTmp

Run Build Command(s):/usr/bin/make cmTC_1d17f/fast && /usr/bin/make -f CMakeFiles/cmTC_1d17f.dir/build.make CMakeFiles/cmTC_1d17f.dir/build
make[1]: Entering directory '/mnt/c/Users/78578/Desktop/systolic_lab/systolic_array/build/CMakeFiles/CMakeTmp'
Building CXX object CMakeFiles/cmTC_1d17f.dir/testCXXCompiler.cxx.o
/bin/g++-9     -o CMakeFiles/cmTC_1d17f.dir/testCXXCompiler.cxx.o -c /mnt/c/Users/78578/Desktop/systolic_lab/systolic_array/build/CMakeFiles/CMakeTmp/testCXXCompiler.cxx
Linking CXX executable cmTC_1d17f
/usr/bin/cmake -E cmake_link_script CMakeFiles/cmTC_1d17f.dir/link.txt --verbose=1
/bin/g++-9       CMakeFiles/cmTC_1d17f.dir/testCXXCompiler.cxx.o  -o cmTC_1d17f 
make[1]: Leaving directory '/mnt/c/Users/78578/Desktop/systolic_lab/systolic_array/build/CMakeFiles/CMakeTmp'



Detecting CXX compiler ABI info compiled with the following output:
Change Dir: /mnt/c/Users/78578/Desktop/systolic_lab/systolic_array/build/CMakeFiles/CMakeTmp

Run Build Command(s):/usr/bin/make cmTC_e3f45/fast && /usr/bin/make -f CMakeFiles/cmTC_e3f45.dir/build.make CMakeFiles/cmTC_e3f45.dir/build
make[1]: Entering directory '/mnt/c/Users/78578/Desktop/systolic_lab/systolic_array/build/CMakeFiles/CMakeTmp'
Building CXX object CMakeFiles/cmTC_e3f45.dir/CMakeCXXCompilerABI.cpp.o
/bin/g++-9    -v -o CMakeFiles/cmTC_e3f45.dir/CMakeCXXCompilerABI.cpp.o -c /usr/share/cmake-3.16/Modules/CMakeCXXCompilerABI.cpp
Using built-in specs.
COLLECT_GCC=/bin/g++-9
OFFLOAD_TARGET_NAMES=nvptx-none:hsa
OFFLOAD_TARGET_DEFAULT=1
Target: x86_64-linux-gnu
Configured with: ../src/configure -v --with-pkgversion='Ubuntu 9.3.0-17ubuntu1~20.04' --with-bugurl=file:///usr/share/doc/gcc-9/README.Bugs --enable-languages=c,ada,c++,go,brig,d,fortran,objc,obj-c++,gm2 --prefix=/usr --with-gcc-major-version-only --program-suffix=-9 --program-prefix=x86_64-linux-gnu- --enable-shared --enable-linker-build-id --libexecdir=/usr/lib --without-included-gettext --enable-threads=posix --libdir=/usr/lib --enable-nls --enable-clocale=gnu --enable-libstdcxx-debug --enable-libstdcxx-time=yes --with-default-libstdcxx-abi=new --enable-gnu-unique-object --disable-vtable-verify --enable-plugin --enable-default-pie --with-system-zlib --with-target-system-zlib=auto --enable-objc-gc=auto --enable-multiarch --disable-werror --with-arch-32=i686 --with-abi=m64 --with-multilib-list=m32,m64,mx32 --enable-multilib --with-tune=generic --enable-offload-targets=nvptx-none=/build/gcc-9-HskZEa/gcc-9-9.3.0/debian/tmp-nvptx/usr,hsa --without-cuda-driver --enable-checking=release --build=x86_64-linux-gnu --host=x86_64-linux-gnu --target=x86_64-linux-gnu
Thread model: posix
gcc version 9.3.0 (Ubuntu 9.3.0-17ubuntu1~20.04) 
COLLECT_GCC_OPTIONS='-v' '-o' 'CMakeFiles/cmTC_e3f45.dir/CMakeCXXCompilerABI.cpp.o' '-c' '-shared-libgcc' '-mtune=generic' '-march=x86-64'
 /usr/lib/gcc/x86_64-linux-gnu/9/cc1plus -quiet -v -imultiarch x86_64-linux-gnu -D_GNU_SOURCE /usr/share/cmake-3.16/Modules/CMakeCXXCompilerABI.cpp -quiet -dumpbase CMakeCXXCompilerABI.cpp -mtune=generic -march=x86-64 -auxbase-strip CMakeFiles/cmTC_e3f45.dir/CMakeCXXCompilerABI.cpp.o -version -fasynchronous-unwind-tables -fstack-protector-strong -Wformat -Wformat-security -fstack-clash-protection -fcf-protection -o /tmp/ccbrzenU.s
GNU C++14 (Ubuntu 9.3.0-17ubuntu1~20.04) version 9.3.0 (x86_64-linux-gnu)
	compiled by GNU C version 9.3.0, GMP version 6.2.0, MPFR version 4.0.2, MPC version 1.1.0, isl version isl-0.22.1-GMP

GGC heuristics: --param ggc-min-expand=100 --param ggc-min-heapsize=131072
ignoring duplicate directory "/usr/include/x86_64-linux-gnu/c++/9"
ignoring nonexistent directory "/usr/local/include/x86_64-linux-gnu"
ignoring nonexistent directory "/usr/lib/gcc/x86_64-linux-gnu/9/include-fixed"
ignoring nonexistent directory "/usr/lib/gcc/x86_64-linux-gnu/9/../../../../x86_64-linux-gnu/include"
#include "..." search starts here:
#include <...> search starts here:
 /usr/include/c++/9
 /usr/include/x86_64-linux-gnu/c++/9
 /usr/include/c++/9/backward
 /usr/lib/gcc/x86_64-linux-gnu/9/include
 /usr/local/include
 /usr/include/x86_64-linux-gnu
 /usr/include
End of search list.
GNU C++14 (Ubuntu 9.3.0-17ubuntu1~20.04) version 9.3.0 (x86_64-linux-gnu)
	compiled by GNU C version 9.3.0, GMP version 6.2.0, MPFR version 4.0.2, MPC version 1.1.0, isl version isl-0.22.1-GMP

GGC heuristics: --param ggc-min-expand=100 --param ggc-min-heapsize=131072
Compiler executable checksum: 466f818abe2f30ba03783f22bd12d815
COLLECT_GCC_OPTIONS='-v' '-o' 'CMakeFiles/cmTC_e3f45.dir/CMakeCXXCompilerABI.cpp.o' '-c' '-shared-libgcc' '-mtune=generic' '-march=x86-64'
 as -v --64 -o CMakeFiles/cmTC_e3f45.dir/CMakeCXXCompilerABI.cpp.o /tmp/ccbrzenU.s
GNU assembler version 2.34 (x86_64-linux-gnu) using BFD version (GNU Binutils for Ubuntu) 2.34
COMPILER_PATH=/usr/lib/gcc/x86_64-linux-gnu/9/:/usr/lib/gcc/x86_64-linux-gnu/9/:/usr/lib/gcc/x86_64-linux-gnu/:/usr/lib/gcc/x86_64-linux-gnu/9/:/usr/lib/gcc/x86_64-linux-gnu/
LIBRARY_PATH=/usr/lib/gcc/x86_64-linux-gnu/9/:/usr/lib/gcc/x86_64-linux-gnu/9/../../../x86_64-linux-gnu/:/usr/lib/gcc/x86_64-linux-gnu/9/../../../../lib/:/lib/x86_64-linux-gnu/:/lib/../lib/:/usr/lib/x86_64-linux-gnu/:/usr/lib/../lib/:/usr/lib/gcc/x86_64-linux-gnu/9/../../../:/lib/:/usr/lib/
COLLECT_GCC_OPTIONS='-v' '-o' 'CMakeFiles/cmTC_e3f45.dir/CMakeCXXCompilerABI.cpp.o' '-c' '-shared-libgcc' '-mtune=generic' '-march=x86-64'
Linking CXX executable cmTC_e3f45
/usr/bin/cmake -E cmake_link_script CMakeFiles/cmTC_e3f45.dir/link.txt --verbose=1
/bin/g++-9      -v CMakeFiles/cmTC_e3f45.dir/CMakeCXXCompilerABI.cpp.o  -o cmTC_e3f45 
Using built-in specs.
COLLECT_GCC=/bin/g++-9
COLLECT_LTO_WRAPPER=/usr/lib/gcc/x86_64-linux-gnu/9/lto-wrapper
OFFLOAD_TARGET_NAMES=nvptx-none:hsa
OFFLOAD_TARGET_DEFAULT=1
Target: x86_64-linux-gnu
Configured with: ../src/configure -v --with-pkgversion='Ubuntu 9.3.0-17ubuntu1~20.04' --with-bugurl=file:///usr/share/doc/gcc-9/README.Bugs --enable-languages=c,ada,c++,go,brig,d,fortran,objc,obj-c++,gm2 --prefix=/usr --with-gcc-major-version-only --program-suffix=-9 --program-prefix=x86_64-linux-gnu- --enable-shared --enable-linker-build-id --libexecdir=/usr/lib --without-included-gettext --enable-threads=posix --libdir=/usr/lib --enable-nls --enable-clocale=gnu --enable-libstdcxx-debug --enable-libstdcxx-time=yes --with-default-libstdcxx-abi=new --enable-gnu-unique-object --disable-vtable-verify --enable-plugin --enable-default-pie --with-system-zlib --with-target-system-zlib=auto --enable-objc-gc=auto --enable-multiarch --disable-werror --with-arch-32=i686 --with-abi=m64 --with-multilib-list=m32,m64,mx32 --enable-multilib --with-tune=generic --enable-offload-targets=nvptx-none=/build/gcc-9-HskZEa/gcc-9-9.3.0/debian/tmp-nvptx/usr,hsa --without-cuda-driver --enable-checking=release --build=x86_64-linux-gnu --host=x86_64-linux-gnu --target=x86_64-linux-gnu
Thread model: posix
gcc version 9.3.0 (Ubuntu 9.3.0-17ubuntu1~20.04) 
COMPILER_PATH=/usr/lib/gcc/x86_64-linux-gnu/9/:/usr/lib/gcc/x86_64-linux-gnu/9/:/usr/lib/gcc/x86_64-linux-gnu/:/usr/lib/gcc/x86_64-linux-gnu/9/:/usr/lib/gcc/x86_64-linux-gnu/
LIBRARY_PATH=/usr/lib/gcc/x86_64-linux-gnu/9/:/usr/lib/gcc/x86_64-linux-gnu/9/../../../x86_64-linux-gnu/:/usr/lib/gcc/x86_64-linux-gnu/9/../../../../lib/:/lib/x86_64-linux-gnu/:/lib/../lib/:/usr/lib/x86_64-linux-gnu/:/usr/lib/../lib/:/usr/lib/gcc/x86_64-linux-gnu/9/../../../:/lib/:/usr/lib/
COLLECT_GCC_OPTIONS='-v' '-o' 'cmTC_e3f45' '-shared-libgcc' '-mtune=generic' '-march=x86-64'
 /usr/lib/gcc/x86_64-linux-gnu/9/collect2 -plugin /usr/lib/gcc/x86_64-linux-gnu/9/liblto_plugin.so -plugin-opt=/usr/lib/gcc/x86_64-linux-gnu/9/lto-wrapper -plugin-opt=-fresolution=/tmp/cciq8V4n.res -plugin-opt=-pass-through=-lgcc_s -plugin-opt=-pass-through=-lgcc -plugin-opt=-pass-through=-lc -plugin-opt=-pass-through=-lgcc_s -plugin-opt=-pass-through=-lgcc --build-id --eh-frame-hdr -m elf_x86_64 --hash-style=gnu --as-needed -dynamic-linker /lib64/ld-linux-x86-64.so.2 -pie -z now -z relro -o cmTC_e3f45 /usr/lib/gcc/x86_64-linux-gnu/9/../../../x86_64-linux-gnu/Scrt1.o /usr/lib/gcc/x86_64-linux-gnu/9/../../../x86_64-linux-gnu/crti.o /usr/lib/gcc/x86_64-linux-gnu/9/crtbeginS.o -L/usr/lib/gcc/x86_64-linux-gnu/9 -L/usr/lib/gcc/x86_64-linux-gnu/9/../../../x86_64-linux-gnu -L/usr/lib/gcc/x86_64-linux-gnu/9/../../../../lib -L/lib/x86_64-linux-gnu -L/lib/../lib -L/usr/lib/x86_64-linux-gnu -L/usr/lib/../lib -L/usr/lib/gcc/x86_64-linux-gnu/9/../../.. CMakeFiles/cmTC_e3f45.dir/CMakeCXXCompilerABI.cpp.o -lstdc++ -lm -lgcc_s -lgcc -lc -lgcc_s -lgcc /usr/lib/gcc/x86_64-linux-gnu/9/crtendS.o /usr/lib/gcc/x86_64-linux-gnu/9/../../../x86_64-linux-gnu/crtn.o
COLLECT_GCC_OPTIONS='-v' '-o' 'cmTC_e3f45' '-shared-libgcc' '-mtune=generic' '-march=x86-64'
make[1]: Leaving directory '/mnt/c/Users/78578/Desktop/systolic_lab/systolic_array/build/CMakeFiles/CMakeTmp'



Parsed CXX implicit include dir info from above output: rv=done
  found start of include info
  found start of implicit include info
    add: [/usr/include/c++/9]
    add: [/usr/include/x86_64-linux-gnu/c++/9]
    add: [/usr/include/c++/9/backward]
    add: [/usr/lib/gcc/x86_64-linux-gnu/9/include]
    add: [/usr/local/include]
    add: [/usr/include/x86_64-linux-gnu]
    add: [/usr/include]
  end of search list found
  collapse include dir [/usr/include/c++/9] ==> [/usr/include/c++/9]
  collapse include dir [/usr/include/x86_64-linux-gnu/c++/9] ==> [/usr/include/x86_64-linux-gnu/c++/9]
  collapse include dir [/usr/include/c++/9/backward] ==> [/usr/include/c++/9/backward]
  collapse include dir [/usr/lib/gcc/x86_64-linux-gnu/9/include] ==> [/usr/lib/gcc/x86_64-linux-gnu/9/include]
  collapse include dir [/usr/local/include] ==> [/usr/local/include]
  collapse include dir [/usr/include/x86_64-linux-gnu] ==> [/usr/include/x86_64-linux-gnu]
  collapse include dir [/usr/include] ==> [/usr/include]
  implicit include dirs: [/usr/include/c++/9;/usr/include/x86_64-linux-gnu/c++/9;/usr/include/c++/9/backward;/usr/lib/gcc/x86_64-linux-gnu/9/include;/usr/local/include;/usr/include/x86_64-linux-gnu;/usr/include]


Parsed CXX implicit link information from above output:
  link line regex: [^( *|.*[/\])(ld|CMAKE_LINK_STARTFILE-NOTFOUND|([^/\]+-)?ld|collect2)[^/\]*( |$)]
  ignore line: [Change Dir: /mnt/c/Users/78578/Desktop/systolic_lab/systolic_array/build/CMakeFiles/CMakeTmp]
  ignore line: []
  ignore line: [Run Build Command(s):/usr/bin/make cmTC_e3f45/fast && /usr/bin/make -f CMakeFiles/cmTC_e3f45.dir/build.make CMakeFiles/cmTC_e3f45.dir/build]
  ignore line: [make[1]: Entering directory '/mnt/c/Users/78578/Desktop/systolic_lab/systolic_array/build/CMakeFiles/CMakeTmp']
  ignore line: [Building CXX object CMakeFiles/cmTC_e3f45.dir/CMakeCXXCompilerABI.cpp.o]
  ignore line: [/bin/g++-9    -v -o CMakeFiles/cmTC_e3f45.dir/CMakeCXXCompilerABI.cpp.o -c /usr/share/cmake-3.16/Modules/CMakeCXXCompilerABI.cpp]
  ignore line: [Using built-in specs.]
  ignore line: [COLLECT_GCC=/bin/g++-9]
  ignore line: [OFFLOAD_TARGET_NAMES=nvptx-none:hsa]
  ignore line: [OFFLOAD_TARGET_DEFAULT=1]
  ignore line: [Target: x86_64-linux-gnu]
  ignore line: [Configured with: ../src/configure -v --with-pkgversion='Ubuntu 9.3.0-17ubuntu1~20.04' --with-bugurl=file:///usr/share/doc/gcc-9/README.Bugs --enable-languages=c ada c++ go brig d fortran objc obj-c++ gm2 --prefix=/usr --with-gcc-major-version-only --program-suffix=-9 --program-prefix=x86_64-linux-gnu- --enable-shared --enable-linker-build-id --libexecdir=/usr/lib --without-included-gettext --enable-threads=posix --libdir=/usr/lib --enable-nls --enable-clocale=gnu --enable-libstdcxx-debug --enable-libstdcxx-time=yes --with-default-libstdcxx-abi=new --enable-gnu-unique-object --disable-vtable-verify --enable-plugin --enable-default-pie --with-system-zlib --with-target-system-zlib=auto --enable-objc-gc=auto --enable-multiarch --disable-werror --with-arch-32=i686 --with-abi=m64 --with-multilib-list=m32 m64 mx32 --enable-multilib --with-tune=generic --enable-offload-targets=nvptx-none=/build/gcc-9-HskZEa/gcc-9-9.3.0/debian/tmp-nvptx/usr hsa --without-cuda-driver --enable-checking=release --build=x86_64-linux-gnu --host=x86_64-linux-gnu --target=x86_64-linux-gnu]
  ignore line: [Thread model: posix]
  ignore line: [gcc version 9.3.0 (Ubuntu 9.3.0-17ubuntu1~20.04) ]
  ignore line: [COLLECT_GCC_OPTIONS='-v' '-o' 'CMakeFiles/cmTC_e3f45.dir/CMakeCXXCompilerABI.cpp.o' '-c' '-shared-libgcc' '-mtune=generic' '-march=x86-64']
  ignore line: [ /usr/lib/gcc/x86_64-linux-gnu/9/cc1plus -quiet -v -imultiarch x86_64-linux-gnu -D_GNU_SOURCE /usr/share/cmake-3.16/Modules/CMakeCXXCompilerABI.cpp -quiet -dumpbase CMakeCXXCompilerABI.cpp -mtune=generic -march=x86-64 -auxbase-strip CMakeFiles/cmTC_e3f45.dir/CMakeCXXCompilerABI.cpp.o -version -fasynchronous-unwind-tables -fstack-protector-strong -Wformat -Wformat-security -fstack-clash-protection -fcf-protection -o /tmp/ccbrzenU.s]
  ignore line: [GNU C++14 (Ubuntu 9.3.0-17ubuntu1~20.04) version 9.3.0 (x86_64-linux-gnu)]
  ignore line: [	compiled by GNU C version 9.3.0  GMP version 6.2.0  MPFR version 4.0.2  MPC version 1.1.0  isl version isl-0.22.1-GMP]
  ignore line: []
  ignore line: [GGC heuristics: --param ggc-min-expand=100 --param ggc-min-heapsize=131072]
  ignore line: [ignoring duplicate directory "/usr/include/x86_64-linux-gnu/c++/9"]
  ignore line: [ignoring nonexistent directory "/usr/local/include/x86_64-linux-gnu"]
  ignore line: [ignoring nonexistent directory "/usr/lib/gcc/x86_64-linux-gnu/9/include-fixed"]
  ignore line: [ignoring nonexistent directory "/usr/lib/gcc/x86_64-linux-gnu/9/../../../../x86_64-linux-gnu/include"]
  ignore line: [#include "..." search starts here:]
  ignore line: [#include <...> search starts here:]
  ignore line: [ /usr/include/c++/9]
  ignore line: [ /usr/include/x86_64-linux-gnu/c++/9]
  ignore line: [ /usr/include/c++/9/backward]
  ignore line: [ /usr/lib/gcc/x86_64-linux-gnu/9/include]
  ignore line: [ /usr/local/include]
  ignore line: [ /usr/include/x86_64-linux-gnu]
  ignore line: [ /usr/include]
  ignore line: [End of search list.]
  ignore line: [GNU C++14 (Ubuntu 9.3.0-17ubuntu1~20.04) version 9.3.0 (x86_64-linux-gnu)]
  ignore line: [	compiled by GNU C version 9.3.0  GMP version 6.2.0  MPFR version 4.0.2  MPC version 1.1.0  isl version isl-0.22.1-GMP]
  ignore line: []
  ignore line: [GGC heuristics: --param ggc-min-expand=100 --param ggc-min-heapsize=131072]
  ignore line: [Compiler executable checksum: 466f818abe2f30ba03783f22bd12d815]
  ignore line: [COLLECT_GCC_OPTIONS='-v' '-o' 'CMakeFiles/cmTC_e3f45.dir/CMakeCXXCompilerABI.cpp.o' '-c' '-shared-libgcc' '-mtune=generic' '-march=x86-64']
  ignore line: [ as -v --64 -o CMakeFiles/cmTC_e3f45.dir/CMakeCXXCompilerABI.cpp.o /tmp/ccbrzenU.s]
  ignore line: [GNU assembler version 2.34 (x86_64-linux-gnu) using BFD version (GNU Binutils for Ubuntu) 2.34]
  ignore line: [COMPILER_PATH=/usr/lib/gcc/x86_64-linux-gnu/9/:/usr/lib/gcc/x86_64-linux-gnu/9/:/usr/lib/gcc/x86_64-linux-gnu/:/usr/lib/gcc/x86_64-linux-gnu/9/:/usr/lib/gcc/x86_64-linux-gnu/]
  ignore line: [LIBRARY_PATH=/usr/lib/gcc/x86_64-linux-gnu/9/:/usr/lib/gcc/x86_64-linux-gnu/9/../../../x86_64-linux-gnu/:/usr/lib/gcc/x86_64-linux-gnu/9/../../../../lib/:/lib/x86_64-linux-gnu/:/lib/../lib/:/usr/lib/x86_64-linux-gnu/:/usr/lib/../lib/:/usr/lib/gcc/x86_64-linux-gnu/9/../../../:/lib/:/usr/lib/]
  ignore line: [COLLECT_GCC_OPTIONS='-v' '-o' 'CMakeFiles/cmTC_e3f45.dir/CMakeCXXCompilerABI.cpp.o' '-c' '-shared-libgcc' '-mtune=generic' '-march=x86-64']
  ignore line: [Linking CXX executable cmTC_e3f45]
  ignore line: [/usr/bin/cmake -E cmake_link_script CMakeFiles/cmTC_e3f45.dir/link.txt --verbose=1]
  ignore line: [/bin/g++-9      -v CMakeFiles/cmTC_e3f45.dir/CMakeCXXCompilerABI.cpp.o  -o cmTC_e3f45 ]
  ignore line: [Using built-in specs.]
  ignore line: [COLLECT_GCC=/bin/g++-9]
  ignore line: [COLLECT_LTO_WRAPPER=/usr/lib/gcc/x86_64-linux-gnu/9/lto-wrapper]
  ignore line: [OFFLOAD_TARGET_NAMES=nvptx-none:hsa]
  ignore line: [OFFLOAD_TARGET_DEFAULT=1]
  ignore line: [Target: x86_64-linux-gnu]
  ignore line: [Configured with: ../src/configure -v --with-pkgversion='Ubuntu 9.3.0-17ubuntu1~20.04' --with-bugurl=file:///usr/share/doc/gcc-9/README.Bugs --enable-languages=c ada c++ go brig d fortran objc obj-c++ gm2 --prefix=/usr --with-gcc-major-version-only --program-suffix=-9 --program-prefix=x86_64-linux-gnu- --enable-shared --enable-linker-build-id --libexecdir=/usr/lib --without-included-gettext --enable-threads=posix --libdir=/usr/lib --enable-nls --enable-clocale=gnu --enable-libstdcxx-debug --enable-libstdcxx-time=yes --with-default-libstdcxx-abi=new --enable-gnu-unique-object --disable-vtable-verify --enable-plugin --enable-default-pie --with-system-zlib --with-target-system-zlib=auto --enable-objc-gc=auto --enable-multiarch --disable-werror --with-arch-32=i686 --with-abi=m64 --with-multilib-list=m32 m64 mx32 --enable-multilib --with-tune=generic --enable-offload-targets=nvptx-none=/build/gcc-9-HskZEa/gcc-9-9.3.0/debian/tmp-nvptx/usr hsa --without-cuda-driver --enable-checking=release --build=x86_64-linux-gnu --host=x86_64-linux-gnu --target=x86_64-linux-gnu]
  ignore line: [Thread model: posix]
  ignore line: [gcc version 9.3.0 (Ubuntu 9.3.0-17ubuntu1~20.04) ]
  ignore line: [COMPILER_PATH=/usr/lib/gcc/x86_64-linux-gnu/9/:/usr/lib/gcc/x86_64-linux-gnu/9/:/usr/lib/gcc/x86_64-linux-gnu/:/usr/lib/gcc/x86_64-linux-gnu/9/:/usr/lib/gcc/x86_64-linux-gnu/]
  ignore line: [LIBRARY_PATH=/usr/lib/gcc/x86_64-linux-gnu/9/:/usr/lib/gcc/x86_64-linux-gnu/9/../../../x86_64-linux-gnu/:/usr/lib/gcc/x86_64-linux-gnu/9/../../../../lib/:/lib/x86_64-linux-gnu/:/lib/../lib/:/usr/lib/x86_64-linux-gnu/:/usr/lib/../lib/:/usr/lib/gcc/x86_64-linux-gnu/9/../../../:/lib/:/usr/lib/]
  ignore line: [COLLECT_GCC_OPTIONS='-v' '-o' 'cmTC_e3f45' '-shared-libgcc' '-mtune=generic' '-march=x86-64']
  link line: [ /usr/lib/gcc/x86_64-linux-gnu/9/collect2 -plugin /usr/lib/gcc/x86_64-linux-gnu/9/liblto_plugin.so -plugin-opt=/usr/lib/gcc/x86_64-linux-gnu/9/lto-wrapper -plugin-opt=-fresolution=/tmp/cciq8V4n.res -plugin-opt=-pass-through=-lgcc_s -plugin-opt=-pass-through=-lgcc -plugin-opt=-pass-through=-lc -plugin-opt=-pass-through=-lgcc_s -plugin-opt=-pass-through=-lgcc --build-id --eh-frame-hdr -m elf_x86_64 --hash-style=gnu --as-needed -dynamic-linker /lib64/ld-linux-x86-64.so.2 -pie -z now -z relro -o cmTC_e3f45 /usr/lib/gcc/x86_64-linux-gnu/9/../../../x86_64-linux-gnu/Scrt1.o /usr/lib/gcc/x86_64-linux-gnu/9/../../../x86_64-linux-gnu/crti.o /usr/lib/gcc/x86_64-linux-gnu/9/crtbeginS.o -L/usr/lib/gcc/x86_64-linux-gnu/9 -L/usr/lib/gcc/x86_64-linux-gnu/9/../../../x86_64-linux-gnu -L/usr/lib/gcc/x86_64-linux-gnu/9/../../../../lib -L/lib/x86_64-linux-gnu -L/lib/../lib -L/usr/lib/x86_64-linux-gnu -L/usr/lib/../lib -L/usr/lib/gcc/x86_64-linux-gnu/9/../../.. CMakeFiles/cmTC_e3f45.dir/CMakeCXXCompilerABI.cpp.o -lstdc++ -lm -lgcc_s -lgcc -lc -lgcc_s -lgcc /usr/lib/gcc/x86_64-linux-gnu/9/crtendS.o /usr/lib/gcc/x86_64-linux-gnu/9/../../../x86_64-linux-gnu/crtn.o]
    arg [/usr/lib/gcc/x86_64-linux-gnu/9/collect2] ==> ignore
    arg [-plugin] ==> ignore
    arg [/usr/lib/gcc/x86_64-linux-gnu/9/liblto_plugin.so] ==> ignore
    arg [-plugin-opt=/usr/lib/gcc/x86_64-linux-gnu/9/lto-wrapper] ==> ignore
    arg [-plugin-opt=-fresolution=/tmp/cciq8V4n.res] ==> ignore
    arg [-plugin-opt=-pass-through=-lgcc_s] ==> ignore
    arg [-plugin-opt=-pass-through=-lgcc] ==> ignore
    arg [-plugin-opt=-pass-through=-lc] ==> ignore
    arg [-plugin-opt=-pass-through=-lgcc_s] ==> ignore
    arg [-plugin-opt=-pass-through=-lgcc] ==> ignore
    arg [--build-id] ==> ignore
    arg [--eh-frame-hdr] ==> ignore
    arg [-m] ==> ignore
    arg [elf_x86_64] ==> ignore
    arg [--hash-style=gnu] ==> ignore
    arg [--as-needed] ==> ignore
    arg [-dynamic-linker] ==> ignore
    arg [/lib64/ld-linux-x86-64.so.2] ==> ignore
    arg [-pie] ==> ignore
    arg [-znow] ==> ignore
    arg [-zrelro] ==> ignore
    arg [-o] ==> ignore
    arg [cmTC_e3f45] ==> ignore
    arg [/usr/lib/gcc/x86_64-linux-gnu/9/../../../x86_64-linux-gnu/Scrt1.o] ==> ignore
    arg [/usr/lib/gcc/x86_64-linux-gnu/9/../../../x86_64-linux-gnu/crti.o] ==> ignore
    arg [/usr/lib/gcc/x86_64-linux-gnu/9/crtbeginS.o] ==> ignore
    arg [-L/usr/lib/gcc/x86_64-linux-gnu/9] ==> dir [/usr/lib/gcc/x86_64-linux-gnu/9]
    arg [-L/usr/lib/gcc/x86_64-linux-gnu/9/../../../x86_64-linux-gnu] ==> dir [/usr/lib/gcc/x86_64-linux-gnu/9/../../../x86_64-linux-gnu]
    arg [-L/usr/lib/gcc/x86_64-linux-gnu/9/../../../../lib] ==> dir [/usr/lib/gcc/x86_64-linux-gnu/9/../../../../lib]
    arg [-L/lib/x86_64-linux-gnu] ==> dir [/lib/x86_64-linux-gnu]
    arg [-L/lib/../lib] ==> dir [/lib/../lib]
    arg [-L/usr/lib/x86_64-linux-gnu] ==> dir [/usr/lib/x86_64-linux-gnu]
    arg [-L/usr/lib/../lib] ==> dir [/usr/lib/../lib]
    arg [-L/usr/lib/gcc/x86_64-linux-gnu/9/../../..] ==> dir [/usr/lib/gcc/x86_64-linux-gnu/9/../../..]
    arg [CMakeFiles/cmTC_e3f45.dir/CMakeCXXCompilerABI.cpp.o] ==> ignore
    arg [-lstdc++] ==> lib [stdc++]
    arg [-lm] ==> lib [m]
    arg [-lgcc_s] ==> lib [gcc_s]
    arg [-lgcc] ==> lib [gcc]
    arg [-lc] ==> lib [c]
    arg [-lgcc_s] ==> lib [gcc_s]
    arg [-lgcc] ==> lib [gcc]
    arg [/usr/lib/gcc/x86_64-linux-gnu/9/crtendS.o] ==> ignore
    arg [/usr/lib/gcc/x86_64-linux-gnu/9/../../../x86_64-linux-gnu/crtn.o] ==> ignore
  collapse library dir [/usr/lib/gcc/x86_64-linux-gnu/9] ==> [/usr/lib/gcc/x86_64-linux-gnu/9]
  collapse library dir [/usr/lib/gcc/x86_64-linux-gnu/9/../../../x86_64-linux-gnu] ==> [/usr/lib/x86_64-linux-gnu]
  collapse library dir [/usr/lib/gcc/x86_64-linux-gnu/9/../../../../lib] ==> [/usr/lib]
  collapse library dir [/lib/x86_64-linux-gnu] ==> [/lib/x86_64-linux-gnu]
  collapse library dir [/lib/../lib] ==> [/lib]
  collapse library dir [/usr/lib/x86_64-linux-gnu] ==> [/usr/lib/x86_64-linux-gnu]
  collapse library dir [/usr/lib/../lib] ==> [/usr/lib]
  collapse library dir [/usr/lib/gcc/x86_64-linux-gnu/9/../../..] ==> [/usr/lib]
  implicit libs: [stdc++;m;gcc_s;gcc;c;gcc_s;gcc]
  implicit dirs: [/usr/lib/gcc/x86_64-linux-gnu/9;/usr/lib/x86_64-linux-gnu;/usr/lib;/lib/x86_64-linux-gnu;/lib]
  implicit fwks: []


Performing C++ SOURCE FILE Test _faligned_new succeeded with the following output:
Change Dir: /mnt/c/Users/78578/Desktop/systolic_lab/systolic_array/build/CMakeFiles/CMakeTmp

Run Build Command(s):/usr/bin/make cmTC_56185/fast && /usr/bin/make -f CMakeFiles/cmTC_56185.dir/build.make CMakeFiles/cmTC_56185.dir/build
make[1]: Entering directory '/mnt/c/Users/78578/Desktop/systolic_lab/systolic_array/build/CMakeFiles/CMakeTmp'
Building CXX object CMakeFiles/cmTC_56185.dir/src.cxx.o
/bin/g++-9    -D_faligned_new   -faligned-new -o CMakeFiles/cmTC_56185.dir/src.cxx.o -c /mnt/c/Users/78578/Desktop/systolic_lab/systolic_array/build/CMakeFiles/CMakeTmp/src.cxx
Linking CXX executable cmTC_56185
/usr/bin/cmake -E cmake_link_script CMakeFiles/cmTC_56185.dir/link.txt --verbose=1
/bin/g++-9   -D_faligned_new    CMakeFiles/cmTC_56185.dir/src.cxx.o  -o cmTC_56185 
make[1]: Leaving directory '/mnt/c/Users/78578/Desktop/systolic_lab/systolic_array/build/CMakeFiles/CMakeTmp'


Source file was:
int main() { return 0; }
Performing C++ SOURCE FILE Test _fcf_protection_none succeeded with the following output:
Change Dir: /mnt/c/Users/78578/Desktop/systolic_lab/systolic_array/build/CMakeFiles/CMakeTmp

Run Build Command(s):/usr/bin/make cmTC_47d1f/fast && /usr/bin/make -f CMakeFiles/cmTC_47d1f.dir/build.make CMakeFiles/cmTC_47d1f.dir/build
make[1]: Entering directory '/mnt/c/Users/78578/Desktop/systolic_lab/systolic_array/build/CMakeFiles/CMakeTmp'
Building CXX object CMakeFiles/cmTC_47d1f.dir/src.cxx.o
/bin/g++-9    -D_fcf_protection_none   -fcf-protection=none -o CMakeFiles/cmTC_47d1f.dir/src.cxx.o -c /mnt/c/Users/78578/Desktop/systolic_lab/systolic_array/build/CMakeFiles/CMakeTmp/src.cxx
Linking CXX executable cmTC_47d1f
/usr/bin/cmake -E cmake_link_script CMakeFiles/cmTC_47d1f.dir/link.txt --verbose=1
/bin/g++-9   -D_fcf_protection_none    CMakeFiles/cmTC_47d1f.dir/src.cxx.o  -o cmTC_47d1f 
make[1]: Leaving directory '/mnt/c/Users/78578/Desktop/systolic_lab/systolic_array/build/CMakeFiles/CMakeTmp'


Source file was:
int main() { return 0; }
Performing C++ SOURCE FILE Test _Wno_bool_operation succeeded with the following output:
Change Dir: /mnt/c/Users/78578/Desktop/systolic_lab/systolic_array/build/CMakeFiles/CMakeTmp

Run Build Command(s):/usr/bin/make cmTC_eaf56/fast && /usr/bin/make -f CMakeFiles/cmTC_eaf56.dir/build.make CMakeFiles/cmTC_eaf56.dir/build
make[1]: Entering directory '/mnt/c/Users/78578/Desktop/systolic_lab/systolic_array/build/CMakeFiles/CMakeTmp'
Building CXX object CMakeFiles/cmTC_eaf56.dir/src.cxx.o
/bin/g++-9    -D_Wno_bool_operation   -Wno-bool-operation -o CMakeFiles/cmTC_eaf56.dir/src.cxx.o -c /mnt/c/Users/78578/Desktop/systolic_lab/systolic_array/build/CMakeFiles/CMakeTmp/src.cxx
Linking CXX executable cmTC_eaf56
/usr/bin/cmake -E cmake_link_script CMakeFiles/cmTC_eaf56.dir/link.txt --verbose=1
/bin/g++-9   -D_Wno_bool_operation    CMakeFiles/cmTC_eaf56.dir/src.cxx.o  -o cmTC_eaf56 
make[1]: Leaving directory '/mnt/c/Users/78578/Desktop/systolic_lab/systolic_array/build/CMakeFiles/CMakeTmp'


Source file was:
int main() { return 0; }
Performing C++ SOURCE FILE Test _Wno_tautological_bitwise_compare succeeded with the following output:
Change Dir: /mnt/c/Users/78578/Desktop/systolic_lab/systolic_array/build/CMakeFiles/CMakeTmp

Run Build Command(s):/usr/bin/make cmTC_8c059/fast && /usr/bin/make -f CMakeFiles/cmTC_8c059.dir/build.make CMakeFiles/cmTC_8c059.dir/build
make[1]: Entering directory '/mnt/c/Users/78578/Desktop/systolic_lab/systolic_array/build/CMakeFiles/CMakeTmp'
Building CXX object CMakeFiles/cmTC_8c059.dir/src.cxx.o
/bin/g++-9    -D_Wno_tautological_bitwise_compare   -Wno-tautological-bitwise-compare -o CMakeFiles/cmTC_8c059.dir/src.cxx.o -c /mnt/c/Users/78578/Desktop/systolic_lab/systolic_array/build/CMakeFiles/CMakeTmp/src.cxx
Linking CXX executable cmTC_8c059
/usr/bin/cmake -E cmake_link_script CMakeFiles/cmTC_8c059.dir/link.txt --verbose=1
/bin/g++-9   -D_Wno_tautological_bitwise_compare    CMakeFiles/cmTC_8c059.dir/src.cxx.o  -o cmTC_8c059 
make[1]: Leaving directory '/mnt/c/Users/78578/Desktop/systolic_lab/systolic_array/build/CMakeFiles/CMakeTmp'


Source file was:
int main() { return 0; }
Performing C++ SOURCE FILE Test _Wno_parentheses_equality succeeded with the following output:
Change Dir: /mnt/c/Users/78578/Desktop/systolic_lab/systolic_array/build/CMakeFiles/CMakeTmp

Run Build Command(s):/usr/bin/make cmTC_06ed1/fast && /usr/bin/make -f CMakeFiles/cmTC_06ed1.dir/build.make CMakeFiles/cmTC_06ed1.dir/build
make[1]: Entering directory '/mnt/c/Users/78578/Desktop/systolic_lab/systolic_array/build/CMakeFiles/CMakeTmp'
Building CXX object CMakeFiles/cmTC_06ed1.dir/src.cxx.o
/bin/g++-9    -D_Wno_parentheses_equality   -Wno-parentheses-equality -o CMakeFiles/cmTC_06ed1.dir/src.cxx.o -c /mnt/c/Users/78578/Desktop/systolic_lab/systolic_array/build/CMakeFiles/CMakeTmp/src.cxx
Linking CXX executable cmTC_06ed1
/usr/bin/cmake -E cmake_link_script CMakeFiles/cmTC_06ed1.dir/link.txt --verbose=1
/bin/g++-9   -D_Wno_parentheses_equality    CMakeFiles/cmTC_06ed1.dir/src.cxx.o  -o cmTC_06ed1 
make[1]: Leaving directory '/mnt/c/Users/78578/Desktop/systolic_lab/systolic_array/build/CMakeFiles/CMakeTmp'


Source file was:
int main() { return 0; }
Performing C++ SOURCE FILE Test _Wno_sign_compare succeeded with the following output:
Change Dir: /mnt/c/Users/78578/Desktop/systolic_lab/systolic_array/build/CMakeFiles/CMakeTmp

Run Build Command(s):/usr/bin/make cmTC_d99fd/fast && /usr/bin/make -f CMakeFiles/cmTC_d99fd.dir/build.make CMakeFiles/cmTC_d99fd.dir/build
make[1]: Entering directory '/mnt/c/Users/78578/Desktop/systolic_lab/systolic_array/build/CMakeFiles/CMakeTmp'
Building CXX object CMakeFiles/cmTC_d99fd.dir/src.cxx.o
/bin/g++-9    -D_Wno_sign_compare   -Wno-sign-compare -o CMakeFiles/cmTC_d99fd.dir/src.cxx.o -c /mnt/c/Users/78578/Desktop/systolic_lab/systolic_array/build/CMakeFiles/CMakeTmp/src.cxx
Linking CXX executable cmTC_d99fd
/usr/bin/cmake -E cmake_link_script CMakeFiles/cmTC_d99fd.dir/link.txt --verbose=1
/bin/g++-9   -D_Wno_sign_compare    CMakeFiles/cmTC_d99fd.dir/src.cxx.o  -o cmTC_d99fd 
make[1]: Leaving directory '/mnt/c/Users/78578/Desktop/systolic_lab/systolic_array/build/CMakeFiles/CMakeTmp'


Source file was:
int main() { return 0; }
Performing C++ SOURCE FILE Test _Wno_uninitialized succeeded with the following output:
Change Dir: /mnt/c/Users/78578/Desktop/systolic_lab/systolic_array/build/CMakeFiles/CMakeTmp

Run Build Command(s):/usr/bin/make cmTC_a9166/fast && /usr/bin/make -f CMakeFiles/cmTC_a9166.dir/build.make CMakeFiles/cmTC_a9166.dir/build
make[1]: Entering directory '/mnt/c/Users/78578/Desktop/systolic_lab/systolic_array/build/CMakeFiles/CMakeTmp'
Building CXX object CMakeFiles/cmTC_a9166.dir/src.cxx.o
/bin/g++-9    -D_Wno_uninitialized   -Wno-uninitialized -o CMakeFiles/cmTC_a9166.dir/src.cxx.o -c /mnt/c/Users/78578/Desktop/systolic_lab/systolic_array/build/CMakeFiles/CMakeTmp/src.cxx
Linking CXX executable cmTC_a9166
/usr/bin/cmake -E cmake_link_script CMakeFiles/cmTC_a9166.dir/link.txt --verbose=1
/bin/g++-9   -D_Wno_uninitialized    CMakeFiles/cmTC_a9166.dir/src.cxx.o  -o cmTC_a9166 
make[1]: Leaving directory '/mnt/c/Users/78578/Desktop/systolic_lab/systolic_array/build/CMakeFiles/CMakeTmp'


Source file was:
int main() { return 0; }
Performing C++ SOURCE FILE Test _Wno_unused_but_set_variable succeeded with the following output:
Change Dir: /mnt/c/Users/78578/Desktop/systolic_lab/systolic_array/build/CMakeFiles/CMakeTmp

Run Build Command(s):/usr/bin/make cmTC_ec3e5/fast && /usr/bin/make -f CMakeFiles/cmTC_ec3e5.dir/build.make CMakeFiles/cmTC_ec3e5.dir/build
make[1]: Entering directory '/mnt/c/Users/78578/Desktop/systolic_lab/systolic_array/build/CMakeFiles/CMakeTmp'
Building CXX object CMakeFiles/cmTC_ec3e5.dir/src.cxx.o
/bin/g++-9    -D_Wno_unused_but_set_variable   -Wno-unused-but-set-variable -o CMakeFiles/cmTC_ec3e5.dir/src.cxx.o -c /mnt/c/Users/78578/Desktop/systolic_lab/systolic_array/build/CMakeFiles/CMakeTmp/src.cxx
Linking CXX executable cmTC_ec3e5
/usr/bin/cmake -E cmake_link_script CMakeFiles/cmTC_ec3e5.dir/link.txt --verbose=1
/bin/g++-9   -D_Wno_unused_but_set_variable    CMakeFiles/cmTC_ec3e5.dir/src.cxx.o  -o cmTC_ec3e5 
make[1]: Leaving directory '/mnt/c/Users/78578/Desktop/systolic_lab/systolic_array/build/CMakeFiles/CMakeTmp'


Source file was:
int main() { return 0; }
Performing C++ SOURCE FILE Test _Wno_unused_parameter succeeded with the following output:
Change Dir: /mnt/c/Users/78578/Desktop/systolic_lab/systolic_array/build/CMakeFiles/CMakeTmp

Run Build Command(s):/usr/bin/make cmTC_27fcd/fast && /usr/bin/make -f CMakeFiles/cmTC_27fcd.dir/build.make CMakeFiles/cmTC_27fcd.dir/build
make[1]: Entering directory '/mnt/c/Users/78578/Desktop/systolic_lab/systolic_array/build/CMakeFiles/CMakeTmp'
Building CXX object CMakeFiles/cmTC_27fcd.dir/src.cxx.o
/bin/g++-9    -D_Wno_unused_parameter   -Wno-unused-parameter -o CMakeFiles/cmTC_27fcd.dir/src.cxx.o -c /mnt/c/Users/78578/Desktop/systolic_lab/systolic_array/build/CMakeFiles/CMakeTmp/src.cxx
Linking CXX executable cmTC_27fcd
/usr/bin/cmake -E cmake_link_script CMakeFiles/cmTC_27fcd.dir/link.txt --verbose=1
/bin/g++-9   -D_Wno_unused_parameter    CMakeFiles/cmTC_27fcd.dir/src.cxx.o  -o cmTC_27fcd 
make[1]: Leaving directory '/mnt/c/Users/78578/Desktop/systolic_lab/systolic_array/build/CMakeFiles/CMakeTmp'


Source file was:
int main() { return 0; }
Performing C++ SOURCE FILE Test _Wno_unused_variable succeeded with the following output:
Change Dir: /mnt/c/Users/78578/Desktop/systolic_lab/systolic_array/build/CMakeFiles/CMakeTmp

Run Build Command(s):/usr/bin/make cmTC_2edb8/fast && /usr/bin/make -f CMakeFiles/cmTC_2edb8.dir/build.make CMakeFiles/cmTC_2edb8.dir/build
make[1]: Entering directory '/mnt/c/Users/78578/Desktop/systolic_lab/systolic_array/build/CMakeFiles/CMakeTmp'
Building CXX object CMakeFiles/cmTC_2edb8.dir/src.cxx.o
/bin/g++-9    -D_Wno_unused_variable   -Wno-unused-variable -o CMakeFiles/cmTC_2edb8.dir/src.cxx.o -c /mnt/c/Users/78578/Desktop/systolic_lab/systolic_array/build/CMakeFiles/CMakeTmp/src.cxx
Linking CXX executable cmTC_2edb8
/usr/bin/cmake -E cmake_link_script CMakeFiles/cmTC_2edb8.dir/link.txt --verbose=1
/bin/g++-9   -D_Wno_unused_variable    CMakeFiles/cmTC_2edb8.dir/src.cxx.o  -o cmTC_2edb8 
make[1]: Leaving directory '/mnt/c/Users/78578/Desktop/systolic_lab/systolic_array/build/CMakeFiles/CMakeTmp'


Source file was:
int main() { return 0; }
Performing C++ SOURCE FILE Test _Wno_shadow succeeded with the following output:
Change Dir: /mnt/c/Users/78578/Desktop/systolic_lab/systolic_array/build/CMakeFiles/CMakeTmp

Run Build Command(s):/usr/bin/make cmTC_26941/fast && /usr/bin/make -f CMakeFiles/cmTC_26941.dir/build.make CMakeFiles/cmTC_26941.dir/build
make[1]: Entering directory '/mnt/c/Users/78578/Desktop/systolic_lab/systolic_array/build/CMakeFiles/CMakeTmp'
Building CXX object CMakeFiles/cmTC_26941.dir/src.cxx.o
/bin/g++-9    -D_Wno_shadow   -Wno-shadow -o CMakeFiles/cmTC_26941.dir/src.cxx.o -c /mnt/c/Users/78578/Desktop/systolic_lab/systolic_array/build/CMakeFiles/CMakeTmp/src.cxx
Linking CXX executable cmTC_26941
/usr/bin/cmake -E cmake_link_script CMakeFiles/cmTC_26941.dir/link.txt --verbose=1
/bin/g++-9   -D_Wno_shadow    CMakeFiles/cmTC_26941.dir/src.cxx.o  -o cmTC_26941 
make[1]: Leaving directory '/mnt/c/Users/78578/Desktop/systolic_lab/systolic_array/build/CMakeFiles/CMakeTmp'


Source file was:
int main() { return 0; }
Performing C++ SOURCE FILE Test _pthread succeeded with the following output:
Change Dir: /mnt/c/Users/78578/Desktop/systolic_lab/systolic_array/build/CMakeFiles/CMakeTmp

Run Build Command(s):/usr/bin/make cmTC_77a05/fast && /usr/bin/make -f CMakeFiles/cmTC_77a05.dir/build.make CMakeFiles/cmTC_77a05.dir/build
make[1]: Entering directory '/mnt/c/Users/78578/Desktop/systolic_lab/systolic_array/build/CMakeFiles/CMakeTmp'
Building CXX object CMakeFiles/cmTC_77a05.dir/src.cxx.o
/bin/g++-9    -D_pthread   -o CMakeFiles/cmTC_77a05.dir/src.cxx.o -c /mnt/c/Users/78578/Desktop/systolic_lab/systolic_array/build/CMakeFiles/CMakeTmp/src.cxx
Linking CXX executable cmTC_77a05
/usr/bin/cmake -E cmake_link_script CMakeFiles/cmTC_77a05.dir/link.txt --verbose=1
/bin/g++-9   -D_pthread    CMakeFiles/cmTC_77a05.dir/src.cxx.o  -o cmTC_77a05  -pthread 
make[1]: Leaving directory '/mnt/c/Users/78578/Desktop/systolic_lab/systolic_array/build/CMakeFiles/CMakeTmp'


Source file was:
int main() {return 0;}

Performing C++ SOURCE FILE Test _lpthread succeeded with the following output:
Change Dir: /mnt/c/Users/78578/Desktop/systolic_lab/systolic_array/build/CMakeFiles/CMakeTmp

Run Build Command(s):/usr/bin/make cmTC_27692/fast && /usr/bin/make -f CMakeFiles/cmTC_27692.dir/build.make CMakeFiles/cmTC_27692.dir/build
make[1]: Entering directory '/mnt/c/Users/78578/Desktop/systolic_lab/systolic_array/build/CMakeFiles/CMakeTmp'
Building CXX object CMakeFiles/cmTC_27692.dir/src.cxx.o
/bin/g++-9    -D_lpthread   -o CMakeFiles/cmTC_27692.dir/src.cxx.o -c /mnt/c/Users/78578/Desktop/systolic_lab/systolic_array/build/CMakeFiles/CMakeTmp/src.cxx
Linking CXX executable cmTC_27692
/usr/bin/cmake -E cmake_link_script CMakeFiles/cmTC_27692.dir/link.txt --verbose=1
/bin/g++-9   -D_lpthread    CMakeFiles/cmTC_27692.dir/src.cxx.o  -o cmTC_27692  -lpthread 
make[1]: Leaving directory '/mnt/c/Users/78578/Desktop/systolic_lab/systolic_array/build/CMakeFiles/CMakeTmp'


Source file was:
int main() {return 0;}

Performing C++ SOURCE FILE Test _latomic succeeded with the following output:
Change Dir: /mnt/c/Users/78578/Desktop/systolic_lab/systolic_array/build/CMakeFiles/CMakeTmp

Run Build Command(s):/usr/bin/make cmTC_3a538/fast && /usr/bin/make -f CMakeFiles/cmTC_3a538.dir/build.make CMakeFiles/cmTC_3a538.dir/build
make[1]: Entering directory '/mnt/c/Users/78578/Desktop/systolic_lab/systolic_array/build/CMakeFiles/CMakeTmp'
Building CXX object CMakeFiles/cmTC_3a538.dir/src.cxx.o
/bin/g++-9    -D_latomic   -o CMakeFiles/cmTC_3a538.dir/src.cxx.o -c /mnt/c/Users/78578/Desktop/systolic_lab/systolic_array/build/CMakeFiles/CMakeTmp/src.cxx
Linking CXX executable cmTC_3a538
/usr/bin/cmake -E cmake_link_script CMakeFiles/cmTC_3a538.dir/link.txt --verbose=1
/bin/g++-9   -D_latomic    CMakeFiles/cmTC_3a538.dir/src.cxx.o  -o cmTC_3a538  -latomic 
make[1]: Leaving directory '/mnt/c/Users/78578/Desktop/systolic_lab/systolic_array/build/CMakeFiles/CMakeTmp'


Source file was:
int main() {return 0;}

